<?xml version="1.0" encoding="UTF-8"?>
<testng-results ignored="0" total="7" passed="6" failed="1" skipped="0">
  <reporter-output>
  </reporter-output>
  <suite started-at="2024-06-27T13:32:43 IST" name="Default suite" finished-at="2024-06-27T13:33:54 IST" duration-ms="71669">
    <groups>
    </groups>
    <test started-at="2024-06-27T13:32:43 IST" name="Default test" finished-at="2024-06-27T13:33:54 IST" duration-ms="71669">
      <class name="WebPage">
        <test-method is-config="true" signature="setup()[pri:0, instance:WebPage@cc43f62]" started-at="2024-06-27T13:32:32 IST" name="setup" finished-at="2024-06-27T13:32:43 IST" duration-ms="11048" status="PASS">
          <reporter-output>
          </reporter-output>
        </test-method> <!-- setup -->
        <test-method signature="login()[pri:0, instance:WebPage@cc43f62]" started-at="2024-06-27T13:32:43 IST" name="login" finished-at="2024-06-27T13:32:47 IST" duration-ms="3713" status="PASS">
          <reporter-output>
          </reporter-output>
        </test-method> <!-- login -->
        <test-method is-config="true" signature="Screenshot(org.testng.ITestResult)[pri:0, instance:WebPage@cc43f62]" started-at="2024-06-27T13:32:47 IST" name="Screenshot" finished-at="2024-06-27T13:32:47 IST" duration-ms="93" status="PASS">
          <params>
            <param index="0">
              <value>
                <![CDATA[[TestResult name=login status=SUCCESS method=WebPage.login()[pri:0, instance:WebPage@cc43f62] output={null}]]]>
              </value>
            </param>
          </params>
          <reporter-output>
          </reporter-output>
        </test-method> <!-- Screenshot -->
        <test-method signature="reg()[pri:1, instance:WebPage@cc43f62]" started-at="2024-06-27T13:32:47 IST" name="reg" finished-at="2024-06-27T13:32:57 IST" duration-ms="10206" status="PASS">
          <reporter-output>
          </reporter-output>
        </test-method> <!-- reg -->
        <test-method is-config="true" signature="Screenshot(org.testng.ITestResult)[pri:0, instance:WebPage@cc43f62]" started-at="2024-06-27T13:32:57 IST" name="Screenshot" finished-at="2024-06-27T13:32:57 IST" duration-ms="93" status="PASS">
          <params>
            <param index="0">
              <value>
                <![CDATA[[TestResult name=reg status=SUCCESS method=WebPage.reg()[pri:1, instance:WebPage@cc43f62] output={null}]]]>
              </value>
            </param>
          </params>
          <reporter-output>
          </reporter-output>
        </test-method> <!-- Screenshot -->
        <test-method signature="dob()[pri:2, instance:WebPage@cc43f62]" started-at="2024-06-27T13:32:57 IST" name="dob" finished-at="2024-06-27T13:32:57 IST" duration-ms="243" status="PASS">
          <reporter-output>
          </reporter-output>
        </test-method> <!-- dob -->
        <test-method is-config="true" signature="Screenshot(org.testng.ITestResult)[pri:0, instance:WebPage@cc43f62]" started-at="2024-06-27T13:32:57 IST" name="Screenshot" finished-at="2024-06-27T13:32:57 IST" duration-ms="83" status="PASS">
          <params>
            <param index="0">
              <value>
                <![CDATA[[TestResult name=dob status=SUCCESS method=WebPage.dob()[pri:2, instance:WebPage@cc43f62] output={null}]]]>
              </value>
            </param>
          </params>
          <reporter-output>
          </reporter-output>
        </test-method> <!-- Screenshot -->
        <test-method signature="address()[pri:3, instance:WebPage@cc43f62]" started-at="2024-06-27T13:32:57 IST" name="address" finished-at="2024-06-27T13:32:58 IST" duration-ms="581" status="PASS">
          <reporter-output>
          </reporter-output>
        </test-method> <!-- address -->
        <test-method is-config="true" signature="Screenshot(org.testng.ITestResult)[pri:0, instance:WebPage@cc43f62]" started-at="2024-06-27T13:32:58 IST" name="Screenshot" finished-at="2024-06-27T13:32:58 IST" duration-ms="83" status="PASS">
          <params>
            <param index="0">
              <value>
                <![CDATA[[TestResult name=address status=SUCCESS method=WebPage.address()[pri:3, instance:WebPage@cc43f62] output={null}]]]>
              </value>
            </param>
          </params>
          <reporter-output>
          </reporter-output>
        </test-method> <!-- Screenshot -->
        <test-method signature="patientdet()[pri:4, instance:WebPage@cc43f62]" started-at="2024-06-27T13:32:58 IST" name="patientdet" finished-at="2024-06-27T13:32:58 IST" duration-ms="268" status="PASS">
          <reporter-output>
          </reporter-output>
        </test-method> <!-- patientdet -->
        <test-method is-config="true" signature="Screenshot(org.testng.ITestResult)[pri:0, instance:WebPage@cc43f62]" started-at="2024-06-27T13:32:58 IST" name="Screenshot" finished-at="2024-06-27T13:32:58 IST" duration-ms="87" status="PASS">
          <params>
            <param index="0">
              <value>
                <![CDATA[[TestResult name=patientdet status=SUCCESS method=WebPage.patientdet()[pri:4, instance:WebPage@cc43f62] output={null}]]]>
              </value>
            </param>
          </params>
          <reporter-output>
          </reporter-output>
        </test-method> <!-- Screenshot -->
        <test-method signature="startvist()[pri:5, instance:WebPage@cc43f62]" started-at="2024-06-27T13:32:58 IST" name="startvist" finished-at="2024-06-27T13:33:50 IST" duration-ms="51378" status="FAIL">
          <exception class="org.openqa.selenium.ElementNotInteractableException">
            <message>
              <![CDATA[element not interactable
  (Session info: chrome=126.0.6478.127)
Build info: version: '4.22.0', revision: 'c5f3146703*'
System info: os.name: 'Windows 11', os.arch: 'amd64', os.version: '10.0', java.version: '17.0.11'
Driver info: org.openqa.selenium.chrome.ChromeDriver
Command: [4d6c795635f63e2b1bd496b6469b3ace, clickElement {id=f.BCAF698DA2277A440CF1E20BF06E3901.d.3B64CD309B967657E50A9A3FF5459714.e.18081}]
Capabilities {acceptInsecureCerts: false, browserName: chrome, browserVersion: 126.0.6478.127, chrome: {chromedriverVersion: 126.0.6478.126 (d36ace6122e..., userDataDir: C:\Users\donka\AppData\Loca...}, fedcm:accounts: true, goog:chromeOptions: {debuggerAddress: localhost:54565}, networkConnectionEnabled: false, pageLoadStrategy: normal, platformName: windows, proxy: Proxy(), se:cdp: ws://localhost:54565/devtoo..., se:cdpVersion: 126.0.6478.127, setWindowRect: true, strictFileInteractability: false, timeouts: {implicit: 0, pageLoad: 300000, script: 30000}, unhandledPromptBehavior: dismiss and notify, webauthn:extension:credBlob: true, webauthn:extension:largeBlob: true, webauthn:extension:minPinLength: true, webauthn:extension:prf: true, webauthn:virtualAuthenticators: true}
Element: [[ChromeDriver: chrome on windows (4d6c795635f63e2b1bd496b6469b3ace)] -> xpath: (//div[normalize-space()='End Visit'])[3]]
Session ID: 4d6c795635f63e2b1bd496b6469b3ace]]>
            </message>
            <full-stacktrace>
              <![CDATA[org.openqa.selenium.ElementNotInteractableException: element not interactable
  (Session info: chrome=126.0.6478.127)
Build info: version: '4.22.0', revision: 'c5f3146703*'
System info: os.name: 'Windows 11', os.arch: 'amd64', os.version: '10.0', java.version: '17.0.11'
Driver info: org.openqa.selenium.chrome.ChromeDriver
Command: [4d6c795635f63e2b1bd496b6469b3ace, clickElement {id=f.BCAF698DA2277A440CF1E20BF06E3901.d.3B64CD309B967657E50A9A3FF5459714.e.18081}]
Capabilities {acceptInsecureCerts: false, browserName: chrome, browserVersion: 126.0.6478.127, chrome: {chromedriverVersion: 126.0.6478.126 (d36ace6122e..., userDataDir: C:\Users\donka\AppData\Loca...}, fedcm:accounts: true, goog:chromeOptions: {debuggerAddress: localhost:54565}, networkConnectionEnabled: false, pageLoadStrategy: normal, platformName: windows, proxy: Proxy(), se:cdp: ws://localhost:54565/devtoo..., se:cdpVersion: 126.0.6478.127, setWindowRect: true, strictFileInteractability: false, timeouts: {implicit: 0, pageLoad: 300000, script: 30000}, unhandledPromptBehavior: dismiss and notify, webauthn:extension:credBlob: true, webauthn:extension:largeBlob: true, webauthn:extension:minPinLength: true, webauthn:extension:prf: true, webauthn:virtualAuthenticators: true}
Element: [[ChromeDriver: chrome on windows (4d6c795635f63e2b1bd496b6469b3ace)] -> xpath: (//div[normalize-space()='End Visit'])[3]]
Session ID: 4d6c795635f63e2b1bd496b6469b3ace
at java.base/jdk.internal.reflect.NativeConstructorAccessorImpl.newInstance0(Native Method)
at java.base/jdk.internal.reflect.NativeConstructorAccessorImpl.newInstance(NativeConstructorAccessorImpl.java:77)
at java.base/jdk.internal.reflect.DelegatingConstructorAccessorImpl.newInstance(DelegatingConstructorAccessorImpl.java:45)
at java.base/java.lang.reflect.Constructor.newInstanceWithCaller(Constructor.java:499)
at java.base/java.lang.reflect.Constructor.newInstance(Constructor.java:480)
at org.openqa.selenium.remote.ErrorCodec.decode(ErrorCodec.java:167)
at org.openqa.selenium.remote.codec.w3c.W3CHttpResponseCodec.decode(W3CHttpResponseCodec.java:138)
at org.openqa.selenium.remote.codec.w3c.W3CHttpResponseCodec.decode(W3CHttpResponseCodec.java:50)
at org.openqa.selenium.remote.HttpCommandExecutor.execute(HttpCommandExecutor.java:190)
at org.openqa.selenium.remote.service.DriverCommandExecutor.invokeExecute(DriverCommandExecutor.java:216)
at org.openqa.selenium.remote.service.DriverCommandExecutor.execute(DriverCommandExecutor.java:174)
at org.openqa.selenium.remote.RemoteWebDriver.execute(RemoteWebDriver.java:518)
at org.openqa.selenium.remote.RemoteWebElement.execute(RemoteWebElement.java:223)
at org.openqa.selenium.remote.RemoteWebElement.click(RemoteWebElement.java:76)
at WebPage.startvist(WebPage.java:192)
at java.base/jdk.internal.reflect.NativeMethodAccessorImpl.invoke0(Native Method)
at java.base/jdk.internal.reflect.NativeMethodAccessorImpl.invoke(NativeMethodAccessorImpl.java:77)
at java.base/jdk.internal.reflect.DelegatingMethodAccessorImpl.invoke(DelegatingMethodAccessorImpl.java:43)
at java.base/java.lang.reflect.Method.invoke(Method.java:568)
at org.testng.internal.invokers.MethodInvocationHelper.invokeMethod(MethodInvocationHelper.java:141)
at org.testng.internal.invokers.TestInvoker.invokeMethod(TestInvoker.java:686)
at org.testng.internal.invokers.TestInvoker.invokeTestMethod(TestInvoker.java:230)
at org.testng.internal.invokers.MethodRunner.runInSequence(MethodRunner.java:63)
at org.testng.internal.invokers.TestInvoker$MethodInvocationAgent.invoke(TestInvoker.java:992)
at org.testng.internal.invokers.TestInvoker.invokeTestMethods(TestInvoker.java:203)
at org.testng.internal.invokers.TestMethodWorker.invokeTestMethods(TestMethodWorker.java:154)
at org.testng.internal.invokers.TestMethodWorker.run(TestMethodWorker.java:134)
at java.base/java.util.ArrayList.forEach(ArrayList.java:1511)
at org.testng.TestRunner.privateRun(TestRunner.java:739)
at org.testng.TestRunner.run(TestRunner.java:614)
at org.testng.SuiteRunner.runTest(SuiteRunner.java:421)
at org.testng.SuiteRunner.runSequentially(SuiteRunner.java:413)
at org.testng.SuiteRunner.privateRun(SuiteRunner.java:373)
at org.testng.SuiteRunner.run(SuiteRunner.java:312)
at org.testng.SuiteRunnerWorker.runSuite(SuiteRunnerWorker.java:52)
at org.testng.SuiteRunnerWorker.run(SuiteRunnerWorker.java:95)
at org.testng.TestNG.runSuitesSequentially(TestNG.java:1274)
at org.testng.TestNG.runSuitesLocally(TestNG.java:1208)
at org.testng.TestNG.runSuites(TestNG.java:1112)
at org.testng.TestNG.run(TestNG.java:1079)
at org.testng.remote.AbstractRemoteTestNG.run(AbstractRemoteTestNG.java:115)
at org.testng.remote.RemoteTestNG.initAndRun(RemoteTestNG.java:293)
at org.testng.remote.RemoteTestNG.main(RemoteTestNG.java:91)
]]>
            </full-stacktrace>
          </exception> <!-- org.openqa.selenium.ElementNotInteractableException -->
          <reporter-output>
          </reporter-output>
        </test-method> <!-- startvist -->
        <test-method signature="delete()[pri:6, instance:WebPage@cc43f62]" started-at="2024-06-27T13:33:50 IST" name="delete" finished-at="2024-06-27T13:33:54 IST" duration-ms="4705" status="PASS">
          <reporter-output>
          </reporter-output>
        </test-method> <!-- delete -->
        <test-method is-config="true" signature="Screenshot(org.testng.ITestResult)[pri:0, instance:WebPage@cc43f62]" started-at="2024-06-27T13:33:50 IST" name="Screenshot" finished-at="2024-06-27T13:33:50 IST" duration-ms="0" status="PASS">
          <params>
            <param index="0">
              <value>
                <![CDATA[[TestResult name=startvist status=FAILURE method=WebPage.startvist()[pri:5, instance:WebPage@cc43f62] output={null}]]]>
              </value>
            </param>
          </params>
          <reporter-output>
          </reporter-output>
        </test-method> <!-- Screenshot -->
        <test-method is-config="true" signature="Screenshot(org.testng.ITestResult)[pri:0, instance:WebPage@cc43f62]" started-at="2024-06-27T13:33:54 IST" name="Screenshot" finished-at="2024-06-27T13:33:54 IST" duration-ms="87" status="PASS">
          <params>
            <param index="0">
              <value>
                <![CDATA[[TestResult name=delete status=SUCCESS method=WebPage.delete()[pri:6, instance:WebPage@cc43f62] output={null}]]]>
              </value>
            </param>
          </params>
          <reporter-output>
          </reporter-output>
        </test-method> <!-- Screenshot -->
        <test-method is-config="true" signature="tearDown()[pri:0, instance:WebPage@cc43f62]" started-at="2024-06-27T13:33:54 IST" name="tearDown" finished-at="2024-06-27T13:33:55 IST" duration-ms="198" status="PASS">
          <reporter-output>
          </reporter-output>
        </test-method> <!-- tearDown -->
      </class> <!-- WebPage -->
    </test> <!-- Default test -->
  </suite> <!-- Default suite -->
</testng-results>
